{"/Users/chouyasushi/htdocs/david/from-fed-to-chain-mono/packages/pipeline/vitest.config.ts": {"path":"/Users/chouyasushi/htdocs/david/from-fed-to-chain-mono/packages/pipeline/vitest.config.ts","all":true,"statementMap":{"0":{"start":{"line":1,"column":0},"end":{"line":1,"column":45}},"2":{"start":{"line":3,"column":0},"end":{"line":3,"column":29}},"3":{"start":{"line":4,"column":0},"end":{"line":4,"column":9}},"4":{"start":{"line":5,"column":0},"end":{"line":5,"column":15}},"5":{"start":{"line":6,"column":0},"end":{"line":6,"column":21}},"6":{"start":{"line":7,"column":0},"end":{"line":7,"column":19}},"7":{"start":{"line":8,"column":0},"end":{"line":8,"column":18}},"8":{"start":{"line":9,"column":0},"end":{"line":9,"column":22}},"9":{"start":{"line":10,"column":0},"end":{"line":10,"column":21}},"10":{"start":{"line":11,"column":0},"end":{"line":11,"column":23}},"11":{"start":{"line":12,"column":0},"end":{"line":12,"column":8}},"12":{"start":{"line":13,"column":0},"end":{"line":13,"column":16}},"13":{"start":{"line":14,"column":0},"end":{"line":14,"column":23}},"14":{"start":{"line":15,"column":0},"end":{"line":15,"column":29}},"15":{"start":{"line":16,"column":0},"end":{"line":16,"column":21}},"16":{"start":{"line":17,"column":0},"end":{"line":17,"column":21}},"17":{"start":{"line":18,"column":0},"end":{"line":18,"column":23}},"18":{"start":{"line":19,"column":0},"end":{"line":19,"column":8}},"19":{"start":{"line":20,"column":0},"end":{"line":20,"column":6}},"20":{"start":{"line":21,"column":0},"end":{"line":21,"column":4}},"21":{"start":{"line":22,"column":0},"end":{"line":22,"column":3}}},"s":{"0":0,"2":0,"3":0,"4":0,"5":0,"6":0,"7":0,"8":0,"9":0,"10":0,"11":0,"12":0,"13":0,"14":0,"15":0,"16":0,"17":0,"18":0,"19":0,"20":0,"21":0},"branchMap":{"0":{"type":"branch","line":1,"loc":{"start":{"line":1,"column":405},"end":{"line":22,"column":3}},"locations":[{"start":{"line":1,"column":405},"end":{"line":22,"column":3}}]}},"b":{"0":[0]},"fnMap":{"0":{"name":"(empty-report)","decl":{"start":{"line":1,"column":405},"end":{"line":22,"column":3}},"loc":{"start":{"line":1,"column":405},"end":{"line":22,"column":3}},"line":1}},"f":{"0":0}}
,"/Users/chouyasushi/htdocs/david/from-fed-to-chain-mono/packages/pipeline/src/types.ts": {"path":"/Users/chouyasushi/htdocs/david/from-fed-to-chain-mono/packages/pipeline/src/types.ts","all":true,"statementMap":{},"s":{},"branchMap":{"0":{"type":"branch","line":1,"loc":{"start":{"line":1,"column":978},"end":{"line":46,"column":1}},"locations":[{"start":{"line":1,"column":978},"end":{"line":46,"column":1}}]}},"b":{"0":[1]},"fnMap":{"0":{"name":"(empty-report)","decl":{"start":{"line":1,"column":978},"end":{"line":46,"column":1}},"loc":{"start":{"line":1,"column":978},"end":{"line":46,"column":1}},"line":1}},"f":{"0":1}}
,"/Users/chouyasushi/htdocs/david/from-fed-to-chain-mono/packages/pipeline/src/lib/env.ts": {"path":"/Users/chouyasushi/htdocs/david/from-fed-to-chain-mono/packages/pipeline/src/lib/env.ts","all":false,"statementMap":{"0":{"start":{"line":1,"column":0},"end":{"line":1,"column":54}},"1":{"start":{"line":2,"column":0},"end":{"line":2,"column":34}},"3":{"start":{"line":4,"column":0},"end":{"line":4,"column":44}},"4":{"start":{"line":5,"column":0},"end":{"line":5,"column":70}},"5":{"start":{"line":6,"column":0},"end":{"line":6,"column":3}},"7":{"start":{"line":8,"column":0},"end":{"line":8,"column":15}},"8":{"start":{"line":9,"column":0},"end":{"line":9,"column":1}},"10":{"start":{"line":11,"column":0},"end":{"line":11,"column":35}},"11":{"start":{"line":12,"column":0},"end":{"line":12,"column":45}},"12":{"start":{"line":13,"column":0},"end":{"line":13,"column":44}},"14":{"start":{"line":15,"column":0},"end":{"line":15,"column":45}},"15":{"start":{"line":16,"column":0},"end":{"line":16,"column":54}},"16":{"start":{"line":17,"column":0},"end":{"line":17,"column":3}},"18":{"start":{"line":19,"column":0},"end":{"line":19,"column":14}},"19":{"start":{"line":20,"column":0},"end":{"line":20,"column":1}},"21":{"start":{"line":22,"column":0},"end":{"line":22,"column":58}},"22":{"start":{"line":23,"column":0},"end":{"line":23,"column":35}},"23":{"start":{"line":24,"column":0},"end":{"line":24,"column":1}}},"s":{"0":1,"1":4,"3":4,"4":3,"5":3,"7":1,"8":1,"10":1,"11":5,"12":5,"14":5,"15":3,"16":3,"18":2,"19":2,"21":1,"22":5,"23":5},"branchMap":{"0":{"type":"branch","line":1,"loc":{"start":{"line":1,"column":7},"end":{"line":9,"column":1}},"locations":[{"start":{"line":1,"column":7},"end":{"line":9,"column":1}}]},"1":{"type":"branch","line":4,"loc":{"start":{"line":4,"column":7},"end":{"line":4,"column":43}},"locations":[{"start":{"line":4,"column":7},"end":{"line":4,"column":43}}]},"2":{"type":"branch","line":4,"loc":{"start":{"line":4,"column":43},"end":{"line":6,"column":3}},"locations":[{"start":{"line":4,"column":43},"end":{"line":6,"column":3}}]},"3":{"type":"branch","line":6,"loc":{"start":{"line":6,"column":2},"end":{"line":9,"column":1}},"locations":[{"start":{"line":6,"column":2},"end":{"line":9,"column":1}}]},"4":{"type":"branch","line":11,"loc":{"start":{"line":11,"column":7},"end":{"line":20,"column":1}},"locations":[{"start":{"line":11,"column":7},"end":{"line":20,"column":1}}]},"5":{"type":"branch","line":12,"loc":{"start":{"line":12,"column":30},"end":{"line":12,"column":45}},"locations":[{"start":{"line":12,"column":30},"end":{"line":12,"column":45}}]},"6":{"type":"branch","line":15,"loc":{"start":{"line":15,"column":28},"end":{"line":15,"column":44}},"locations":[{"start":{"line":15,"column":28},"end":{"line":15,"column":44}}]},"7":{"type":"branch","line":15,"loc":{"start":{"line":15,"column":44},"end":{"line":17,"column":3}},"locations":[{"start":{"line":15,"column":44},"end":{"line":17,"column":3}}]},"8":{"type":"branch","line":17,"loc":{"start":{"line":17,"column":2},"end":{"line":20,"column":1}},"locations":[{"start":{"line":17,"column":2},"end":{"line":20,"column":1}}]},"9":{"type":"branch","line":22,"loc":{"start":{"line":22,"column":7},"end":{"line":24,"column":1}},"locations":[{"start":{"line":22,"column":7},"end":{"line":24,"column":1}}]}},"b":{"0":[4],"1":[2],"2":[3],"3":[1],"4":[5],"5":[1],"6":[4],"7":[3],"8":[2],"9":[5]},"fnMap":{"0":{"name":"getRequiredEnv","decl":{"start":{"line":1,"column":7},"end":{"line":9,"column":1}},"loc":{"start":{"line":1,"column":7},"end":{"line":9,"column":1}},"line":1},"1":{"name":"getPort","decl":{"start":{"line":11,"column":7},"end":{"line":20,"column":1}},"loc":{"start":{"line":11,"column":7},"end":{"line":20,"column":1}},"line":11},"2":{"name":"trimTrailingSlash","decl":{"start":{"line":22,"column":7},"end":{"line":24,"column":1}},"loc":{"start":{"line":22,"column":7},"end":{"line":24,"column":1}},"line":22}},"f":{"0":4,"1":5,"2":5}}
,"/Users/chouyasushi/htdocs/david/from-fed-to-chain-mono/packages/pipeline/src/services/db.ts": {"path":"/Users/chouyasushi/htdocs/david/from-fed-to-chain-mono/packages/pipeline/src/services/db.ts","all":false,"statementMap":{"0":{"start":{"line":1,"column":0},"end":{"line":1,"column":74}},"1":{"start":{"line":2,"column":0},"end":{"line":2,"column":47}},"4":{"start":{"line":5,"column":0},"end":{"line":5,"column":41}},"6":{"start":{"line":7,"column":0},"end":{"line":7,"column":40}},"7":{"start":{"line":8,"column":0},"end":{"line":8,"column":26}},"8":{"start":{"line":9,"column":0},"end":{"line":9,"column":35}},"9":{"start":{"line":10,"column":0},"end":{"line":10,"column":48}},"10":{"start":{"line":11,"column":0},"end":{"line":11,"column":5}},"11":{"start":{"line":12,"column":0},"end":{"line":12,"column":13}},"12":{"start":{"line":13,"column":0},"end":{"line":13,"column":32}},"13":{"start":{"line":14,"column":0},"end":{"line":14,"column":30}},"14":{"start":{"line":15,"column":0},"end":{"line":15,"column":8}},"15":{"start":{"line":16,"column":0},"end":{"line":16,"column":5}},"16":{"start":{"line":17,"column":0},"end":{"line":17,"column":4}},"18":{"start":{"line":19,"column":0},"end":{"line":19,"column":16}},"19":{"start":{"line":20,"column":0},"end":{"line":20,"column":1}},"21":{"start":{"line":22,"column":0},"end":{"line":22,"column":69}},"22":{"start":{"line":23,"column":0},"end":{"line":23,"column":10}},"23":{"start":{"line":24,"column":0},"end":{"line":24,"column":15}},"24":{"start":{"line":25,"column":0},"end":{"line":25,"column":21}},"25":{"start":{"line":26,"column":0},"end":{"line":26,"column":24}},"26":{"start":{"line":27,"column":0},"end":{"line":27,"column":30}},"27":{"start":{"line":28,"column":0},"end":{"line":28,"column":27}},"28":{"start":{"line":29,"column":0},"end":{"line":29,"column":28}},"29":{"start":{"line":30,"column":0},"end":{"line":30,"column":45}},"30":{"start":{"line":31,"column":0},"end":{"line":31,"column":34}},"31":{"start":{"line":32,"column":0},"end":{"line":32,"column":23}},"32":{"start":{"line":33,"column":0},"end":{"line":33,"column":4}},"33":{"start":{"line":34,"column":0},"end":{"line":34,"column":1}},"35":{"start":{"line":36,"column":0},"end":{"line":36,"column":87}},"36":{"start":{"line":37,"column":0},"end":{"line":37,"column":45}},"37":{"start":{"line":38,"column":0},"end":{"line":38,"column":21}},"38":{"start":{"line":39,"column":0},"end":{"line":39,"column":16}},"39":{"start":{"line":40,"column":0},"end":{"line":40,"column":26}},"40":{"start":{"line":41,"column":0},"end":{"line":41,"column":31}},"42":{"start":{"line":43,"column":0},"end":{"line":43,"column":14}},"43":{"start":{"line":44,"column":0},"end":{"line":44,"column":16}},"44":{"start":{"line":45,"column":0},"end":{"line":45,"column":3}},"46":{"start":{"line":47,"column":0},"end":{"line":47,"column":14}},"47":{"start":{"line":48,"column":0},"end":{"line":48,"column":1}},"49":{"start":{"line":50,"column":0},"end":{"line":50,"column":61}},"50":{"start":{"line":51,"column":0},"end":{"line":51,"column":45}},"51":{"start":{"line":52,"column":0},"end":{"line":52,"column":21}},"52":{"start":{"line":53,"column":0},"end":{"line":53,"column":16}},"53":{"start":{"line":54,"column":0},"end":{"line":54,"column":46}},"54":{"start":{"line":55,"column":0},"end":{"line":55,"column":29}},"56":{"start":{"line":57,"column":0},"end":{"line":57,"column":14}},"57":{"start":{"line":58,"column":0},"end":{"line":58,"column":16}},"58":{"start":{"line":59,"column":0},"end":{"line":59,"column":3}},"60":{"start":{"line":61,"column":0},"end":{"line":61,"column":20}},"61":{"start":{"line":62,"column":0},"end":{"line":62,"column":1}},"63":{"start":{"line":64,"column":0},"end":{"line":64,"column":79}},"64":{"start":{"line":65,"column":0},"end":{"line":65,"column":45}},"65":{"start":{"line":66,"column":0},"end":{"line":66,"column":21}},"66":{"start":{"line":67,"column":0},"end":{"line":67,"column":13}},"67":{"start":{"line":68,"column":0},"end":{"line":68,"column":21}},"68":{"start":{"line":69,"column":0},"end":{"line":69,"column":27}},"69":{"start":{"line":70,"column":0},"end":{"line":70,"column":36}},"70":{"start":{"line":71,"column":0},"end":{"line":71,"column":30}},"71":{"start":{"line":72,"column":0},"end":{"line":72,"column":32}},"72":{"start":{"line":73,"column":0},"end":{"line":73,"column":29}},"73":{"start":{"line":74,"column":0},"end":{"line":74,"column":34}},"74":{"start":{"line":75,"column":0},"end":{"line":75,"column":51}},"75":{"start":{"line":76,"column":0},"end":{"line":76,"column":40}},"76":{"start":{"line":77,"column":0},"end":{"line":77,"column":29}},"77":{"start":{"line":78,"column":0},"end":{"line":78,"column":6}},"78":{"start":{"line":79,"column":0},"end":{"line":79,"column":16}},"79":{"start":{"line":80,"column":0},"end":{"line":80,"column":26}},"81":{"start":{"line":82,"column":0},"end":{"line":82,"column":14}},"82":{"start":{"line":83,"column":0},"end":{"line":83,"column":16}},"83":{"start":{"line":84,"column":0},"end":{"line":84,"column":3}},"85":{"start":{"line":86,"column":0},"end":{"line":86,"column":14}},"86":{"start":{"line":87,"column":0},"end":{"line":87,"column":1}},"88":{"start":{"line":89,"column":0},"end":{"line":89,"column":83}},"89":{"start":{"line":90,"column":0},"end":{"line":90,"column":45}},"90":{"start":{"line":91,"column":0},"end":{"line":91,"column":21}},"91":{"start":{"line":92,"column":0},"end":{"line":92,"column":31}},"92":{"start":{"line":93,"column":0},"end":{"line":93,"column":17}},"93":{"start":{"line":94,"column":0},"end":{"line":94,"column":16}},"94":{"start":{"line":95,"column":0},"end":{"line":95,"column":31}},"96":{"start":{"line":97,"column":0},"end":{"line":97,"column":14}},"97":{"start":{"line":98,"column":0},"end":{"line":98,"column":16}},"98":{"start":{"line":99,"column":0},"end":{"line":99,"column":3}},"100":{"start":{"line":101,"column":0},"end":{"line":101,"column":14}},"101":{"start":{"line":102,"column":0},"end":{"line":102,"column":1}},"103":{"start":{"line":104,"column":0},"end":{"line":104,"column":42}},"104":{"start":{"line":105,"column":0},"end":{"line":105,"column":13}},"105":{"start":{"line":106,"column":0},"end":{"line":106,"column":24}},"106":{"start":{"line":107,"column":0},"end":{"line":107,"column":108}},"107":{"start":{"line":108,"column":0},"end":{"line":108,"column":31}},"108":{"start":{"line":109,"column":0},"end":{"line":109,"column":56}},"109":{"start":{"line":110,"column":0},"end":{"line":110,"column":57}},"110":{"start":{"line":111,"column":0},"end":{"line":111,"column":64}},"111":{"start":{"line":112,"column":0},"end":{"line":112,"column":89}},"112":{"start":{"line":113,"column":0},"end":{"line":113,"column":73}},"113":{"start":{"line":114,"column":0},"end":{"line":114,"column":72}},"115":{"start":{"line":116,"column":0},"end":{"line":116,"column":45}},"116":{"start":{"line":117,"column":0},"end":{"line":117,"column":21}},"117":{"start":{"line":118,"column":0},"end":{"line":118,"column":22}},"118":{"start":{"line":119,"column":0},"end":{"line":119,"column":17}},"119":{"start":{"line":120,"column":0},"end":{"line":120,"column":16}},"120":{"start":{"line":121,"column":0},"end":{"line":121,"column":31}},"122":{"start":{"line":123,"column":0},"end":{"line":123,"column":14}},"123":{"start":{"line":124,"column":0},"end":{"line":124,"column":16}},"124":{"start":{"line":125,"column":0},"end":{"line":125,"column":3}},"126":{"start":{"line":127,"column":0},"end":{"line":127,"column":14}},"127":{"start":{"line":128,"column":0},"end":{"line":128,"column":1}}},"s":{"0":1,"1":1,"4":1,"6":19,"7":19,"8":19,"9":19,"10":19,"11":19,"12":19,"13":19,"14":19,"15":19,"16":19,"18":19,"19":19,"21":1,"22":2,"23":2,"24":2,"25":2,"26":2,"27":2,"28":2,"29":2,"30":2,"31":2,"32":2,"33":2,"35":3,"36":3,"37":3,"38":3,"39":3,"40":3,"42":3,"43":1,"44":1,"46":2,"47":2,"49":3,"50":3,"51":3,"52":3,"53":3,"54":3,"56":3,"57":1,"58":1,"60":3,"61":3,"63":2,"64":2,"65":2,"66":2,"67":2,"68":2,"69":2,"70":2,"71":2,"72":2,"73":2,"74":2,"75":2,"76":2,"77":2,"78":2,"79":2,"81":2,"82":1,"83":1,"85":1,"86":1,"88":3,"89":3,"90":3,"91":3,"92":3,"93":3,"94":3,"96":3,"97":1,"98":1,"100":2,"101":2,"103":8,"104":8,"105":8,"106":8,"107":8,"108":8,"109":8,"110":8,"111":8,"112":8,"113":8,"115":8,"116":8,"117":8,"118":8,"119":8,"120":8,"122":8,"123":1,"124":1,"126":7,"127":7},"branchMap":{"0":{"type":"branch","line":7,"loc":{"start":{"line":7,"column":0},"end":{"line":20,"column":1}},"locations":[{"start":{"line":7,"column":0},"end":{"line":20,"column":1}}]},"1":{"type":"branch","line":22,"loc":{"start":{"line":22,"column":7},"end":{"line":34,"column":1}},"locations":[{"start":{"line":22,"column":7},"end":{"line":34,"column":1}}]},"2":{"type":"branch","line":36,"loc":{"start":{"line":36,"column":0},"end":{"line":48,"column":1}},"locations":[{"start":{"line":36,"column":0},"end":{"line":48,"column":1}}]},"3":{"type":"branch","line":43,"loc":{"start":{"line":43,"column":13},"end":{"line":45,"column":3}},"locations":[{"start":{"line":43,"column":13},"end":{"line":45,"column":3}}]},"4":{"type":"branch","line":45,"loc":{"start":{"line":45,"column":2},"end":{"line":48,"column":1}},"locations":[{"start":{"line":45,"column":2},"end":{"line":48,"column":1}}]},"5":{"type":"branch","line":50,"loc":{"start":{"line":50,"column":0},"end":{"line":62,"column":1}},"locations":[{"start":{"line":50,"column":0},"end":{"line":62,"column":1}}]},"6":{"type":"branch","line":57,"loc":{"start":{"line":57,"column":13},"end":{"line":59,"column":3}},"locations":[{"start":{"line":57,"column":13},"end":{"line":59,"column":3}}]},"7":{"type":"branch","line":59,"loc":{"start":{"line":59,"column":2},"end":{"line":61,"column":17}},"locations":[{"start":{"line":59,"column":2},"end":{"line":61,"column":17}}]},"8":{"type":"branch","line":61,"loc":{"start":{"line":61,"column":9},"end":{"line":61,"column":20}},"locations":[{"start":{"line":61,"column":9},"end":{"line":61,"column":20}}]},"9":{"type":"branch","line":64,"loc":{"start":{"line":64,"column":0},"end":{"line":87,"column":1}},"locations":[{"start":{"line":64,"column":0},"end":{"line":87,"column":1}}]},"10":{"type":"branch","line":82,"loc":{"start":{"line":82,"column":13},"end":{"line":87,"column":1}},"locations":[{"start":{"line":82,"column":13},"end":{"line":87,"column":1}}]},"11":{"type":"branch","line":89,"loc":{"start":{"line":89,"column":0},"end":{"line":102,"column":1}},"locations":[{"start":{"line":89,"column":0},"end":{"line":102,"column":1}}]},"12":{"type":"branch","line":97,"loc":{"start":{"line":97,"column":13},"end":{"line":99,"column":3}},"locations":[{"start":{"line":97,"column":13},"end":{"line":99,"column":3}}]},"13":{"type":"branch","line":99,"loc":{"start":{"line":99,"column":2},"end":{"line":102,"column":1}},"locations":[{"start":{"line":99,"column":2},"end":{"line":102,"column":1}}]},"14":{"type":"branch","line":104,"loc":{"start":{"line":104,"column":0},"end":{"line":128,"column":1}},"locations":[{"start":{"line":104,"column":0},"end":{"line":128,"column":1}}]},"15":{"type":"branch","line":110,"loc":{"start":{"line":110,"column":6},"end":{"line":110,"column":23}},"locations":[{"start":{"line":110,"column":6},"end":{"line":110,"column":23}}]},"16":{"type":"branch","line":110,"loc":{"start":{"line":110,"column":23},"end":{"line":110,"column":57}},"locations":[{"start":{"line":110,"column":23},"end":{"line":110,"column":57}}]},"17":{"type":"branch","line":111,"loc":{"start":{"line":111,"column":6},"end":{"line":111,"column":25}},"locations":[{"start":{"line":111,"column":6},"end":{"line":111,"column":25}}]},"18":{"type":"branch","line":111,"loc":{"start":{"line":111,"column":25},"end":{"line":111,"column":64}},"locations":[{"start":{"line":111,"column":25},"end":{"line":111,"column":64}}]},"19":{"type":"branch","line":112,"loc":{"start":{"line":112,"column":6},"end":{"line":112,"column":33}},"locations":[{"start":{"line":112,"column":6},"end":{"line":112,"column":33}}]},"20":{"type":"branch","line":112,"loc":{"start":{"line":112,"column":33},"end":{"line":112,"column":89}},"locations":[{"start":{"line":112,"column":33},"end":{"line":112,"column":89}}]},"21":{"type":"branch","line":113,"loc":{"start":{"line":113,"column":6},"end":{"line":113,"column":28}},"locations":[{"start":{"line":113,"column":6},"end":{"line":113,"column":28}}]},"22":{"type":"branch","line":113,"loc":{"start":{"line":113,"column":28},"end":{"line":113,"column":73}},"locations":[{"start":{"line":113,"column":28},"end":{"line":113,"column":73}}]},"23":{"type":"branch","line":114,"loc":{"start":{"line":114,"column":6},"end":{"line":114,"column":26}},"locations":[{"start":{"line":114,"column":6},"end":{"line":114,"column":26}}]},"24":{"type":"branch","line":114,"loc":{"start":{"line":114,"column":37},"end":{"line":114,"column":72}},"locations":[{"start":{"line":114,"column":37},"end":{"line":114,"column":72}}]},"25":{"type":"branch","line":123,"loc":{"start":{"line":123,"column":13},"end":{"line":125,"column":3}},"locations":[{"start":{"line":123,"column":13},"end":{"line":125,"column":3}}]},"26":{"type":"branch","line":125,"loc":{"start":{"line":125,"column":2},"end":{"line":128,"column":1}},"locations":[{"start":{"line":125,"column":2},"end":{"line":128,"column":1}}]}},"b":{"0":[19],"1":[2],"2":[3],"3":[1],"4":[2],"5":[3],"6":[1],"7":[2],"8":[1],"9":[2],"10":[1],"11":[3],"12":[1],"13":[2],"14":[8],"15":[5],"16":[1],"17":[5],"18":[1],"19":[5],"20":[1],"21":[5],"22":[1],"23":[5],"24":[1],"25":[1],"26":[7]},"fnMap":{"0":{"name":"getSupabase","decl":{"start":{"line":7,"column":0},"end":{"line":20,"column":1}},"loc":{"start":{"line":7,"column":0},"end":{"line":20,"column":1}},"line":7},"1":{"name":"toEpisodeResponse","decl":{"start":{"line":22,"column":7},"end":{"line":34,"column":1}},"loc":{"start":{"line":22,"column":7},"end":{"line":34,"column":1}},"line":22},"2":{"name":"findEpisodeBySourceUrl","decl":{"start":{"line":36,"column":0},"end":{"line":48,"column":1}},"loc":{"start":{"line":36,"column":0},"end":{"line":48,"column":1}},"line":36},"3":{"name":"listEpisodes","decl":{"start":{"line":50,"column":0},"end":{"line":62,"column":1}},"loc":{"start":{"line":50,"column":0},"end":{"line":62,"column":1}},"line":50},"4":{"name":"insertEpisode","decl":{"start":{"line":64,"column":0},"end":{"line":87,"column":1}},"loc":{"start":{"line":64,"column":0},"end":{"line":87,"column":1}},"line":64},"5":{"name":"markEpisodeListened","decl":{"start":{"line":89,"column":0},"end":{"line":102,"column":1}},"loc":{"start":{"line":89,"column":0},"end":{"line":102,"column":1}},"line":89},"6":{"name":"updateEpisodeStatus","decl":{"start":{"line":104,"column":0},"end":{"line":128,"column":1}},"loc":{"start":{"line":104,"column":0},"end":{"line":128,"column":1}},"line":104}},"f":{"0":19,"1":2,"2":3,"3":3,"4":2,"5":3,"6":8}}
,"/Users/chouyasushi/htdocs/david/from-fed-to-chain-mono/packages/pipeline/src/services/generateScript.ts": {"path":"/Users/chouyasushi/htdocs/david/from-fed-to-chain-mono/packages/pipeline/src/services/generateScript.ts","all":false,"statementMap":{"1":{"start":{"line":2,"column":0},"end":{"line":2,"column":49}},"3":{"start":{"line":4,"column":0},"end":{"line":4,"column":56}},"4":{"start":{"line":5,"column":0},"end":{"line":5,"column":60}},"5":{"start":{"line":6,"column":0},"end":{"line":6,"column":1}}},"s":{"1":1,"3":2,"4":2,"5":2},"branchMap":{"0":{"type":"branch","line":4,"loc":{"start":{"line":4,"column":0},"end":{"line":6,"column":1}},"locations":[{"start":{"line":4,"column":0},"end":{"line":6,"column":1}}]}},"b":{"0":[2]},"fnMap":{"0":{"name":"generateScript","decl":{"start":{"line":4,"column":0},"end":{"line":6,"column":1}},"loc":{"start":{"line":4,"column":0},"end":{"line":6,"column":1}},"line":4}},"f":{"0":2}}
,"/Users/chouyasushi/htdocs/david/from-fed-to-chain-mono/packages/pipeline/src/services/hls.ts": {"path":"/Users/chouyasushi/htdocs/david/from-fed-to-chain-mono/packages/pipeline/src/services/hls.ts","all":false,"statementMap":{"0":{"start":{"line":1,"column":0},"end":{"line":1,"column":35}},"1":{"start":{"line":2,"column":0},"end":{"line":2,"column":62}},"2":{"start":{"line":3,"column":0},"end":{"line":3,"column":36}},"3":{"start":{"line":4,"column":0},"end":{"line":4,"column":106}},"4":{"start":{"line":5,"column":0},"end":{"line":5,"column":28}},"5":{"start":{"line":6,"column":0},"end":{"line":6,"column":29}},"7":{"start":{"line":8,"column":0},"end":{"line":8,"column":33}},"20":{"start":{"line":21,"column":0},"end":{"line":21,"column":51}},"21":{"start":{"line":22,"column":0},"end":{"line":22,"column":35}},"22":{"start":{"line":23,"column":0},"end":{"line":23,"column":43}},"23":{"start":{"line":24,"column":0},"end":{"line":24,"column":3}},"24":{"start":{"line":25,"column":0},"end":{"line":25,"column":33}},"25":{"start":{"line":26,"column":0},"end":{"line":26,"column":24}},"26":{"start":{"line":27,"column":0},"end":{"line":27,"column":3}},"27":{"start":{"line":28,"column":0},"end":{"line":28,"column":36}},"28":{"start":{"line":29,"column":0},"end":{"line":29,"column":1}},"30":{"start":{"line":31,"column":0},"end":{"line":31,"column":74}},"31":{"start":{"line":32,"column":0},"end":{"line":32,"column":61}},"32":{"start":{"line":33,"column":0},"end":{"line":33,"column":42}},"33":{"start":{"line":34,"column":0},"end":{"line":34,"column":52}},"34":{"start":{"line":35,"column":0},"end":{"line":35,"column":37}},"35":{"start":{"line":36,"column":0},"end":{"line":36,"column":56}},"37":{"start":{"line":38,"column":0},"end":{"line":38,"column":38}},"39":{"start":{"line":40,"column":0},"end":{"line":40,"column":7}},"40":{"start":{"line":41,"column":0},"end":{"line":41,"column":50}},"41":{"start":{"line":42,"column":0},"end":{"line":42,"column":23}},"42":{"start":{"line":43,"column":0},"end":{"line":43,"column":26}},"43":{"start":{"line":44,"column":0},"end":{"line":44,"column":26}},"44":{"start":{"line":45,"column":0},"end":{"line":45,"column":22}},"45":{"start":{"line":46,"column":0},"end":{"line":46,"column":24}},"46":{"start":{"line":47,"column":0},"end":{"line":47,"column":24}},"47":{"start":{"line":48,"column":0},"end":{"line":48,"column":35}},"48":{"start":{"line":49,"column":0},"end":{"line":49,"column":52}},"49":{"start":{"line":50,"column":0},"end":{"line":50,"column":10}},"50":{"start":{"line":51,"column":0},"end":{"line":51,"column":47}},"51":{"start":{"line":52,"column":0},"end":{"line":52,"column":35}},"52":{"start":{"line":53,"column":0},"end":{"line":53,"column":42}},"53":{"start":{"line":54,"column":0},"end":{"line":54,"column":15}},"54":{"start":{"line":55,"column":0},"end":{"line":55,"column":7}},"56":{"start":{"line":57,"column":0},"end":{"line":57,"column":32}},"57":{"start":{"line":58,"column":0},"end":{"line":58,"column":41}},"59":{"start":{"line":60,"column":0},"end":{"line":60,"column":34}},"60":{"start":{"line":61,"column":0},"end":{"line":61,"column":49}},"61":{"start":{"line":62,"column":0},"end":{"line":62,"column":38}},"62":{"start":{"line":63,"column":0},"end":{"line":63,"column":35}},"64":{"start":{"line":65,"column":0},"end":{"line":65,"column":42}},"65":{"start":{"line":66,"column":0},"end":{"line":66,"column":18}},"66":{"start":{"line":67,"column":0},"end":{"line":67,"column":20}},"67":{"start":{"line":68,"column":0},"end":{"line":68,"column":13}},"68":{"start":{"line":69,"column":0},"end":{"line":69,"column":43}},"69":{"start":{"line":70,"column":0},"end":{"line":70,"column":9}},"70":{"start":{"line":71,"column":0},"end":{"line":71,"column":5}},"72":{"start":{"line":73,"column":0},"end":{"line":73,"column":29}},"73":{"start":{"line":74,"column":0},"end":{"line":74,"column":53}},"74":{"start":{"line":75,"column":0},"end":{"line":75,"column":5}},"76":{"start":{"line":77,"column":0},"end":{"line":77,"column":64}},"77":{"start":{"line":78,"column":0},"end":{"line":78,"column":24}},"78":{"start":{"line":79,"column":0},"end":{"line":79,"column":57}},"79":{"start":{"line":80,"column":0},"end":{"line":80,"column":5}},"81":{"start":{"line":82,"column":0},"end":{"line":82,"column":12}},"82":{"start":{"line":83,"column":0},"end":{"line":83,"column":12}},"83":{"start":{"line":84,"column":0},"end":{"line":84,"column":30}},"84":{"start":{"line":85,"column":0},"end":{"line":85,"column":6}},"85":{"start":{"line":86,"column":0},"end":{"line":86,"column":13}},"86":{"start":{"line":87,"column":0},"end":{"line":87,"column":9}},"87":{"start":{"line":88,"column":0},"end":{"line":88,"column":43}},"88":{"start":{"line":89,"column":0},"end":{"line":89,"column":36}},"89":{"start":{"line":90,"column":0},"end":{"line":90,"column":77}},"90":{"start":{"line":91,"column":0},"end":{"line":91,"column":7}},"91":{"start":{"line":92,"column":0},"end":{"line":92,"column":56}},"92":{"start":{"line":93,"column":0},"end":{"line":93,"column":43}},"93":{"start":{"line":94,"column":0},"end":{"line":94,"column":3}},"94":{"start":{"line":95,"column":0},"end":{"line":95,"column":1}}},"s":{"0":1,"1":1,"2":1,"3":1,"4":1,"5":1,"7":1,"20":2,"21":2,"22":0,"23":0,"24":2,"25":2,"26":2,"27":0,"28":0,"30":2,"31":2,"32":2,"33":2,"34":2,"35":2,"37":2,"39":2,"40":2,"41":2,"42":2,"43":2,"44":2,"45":2,"46":2,"47":2,"48":2,"49":2,"50":2,"51":2,"52":2,"53":2,"54":2,"56":2,"57":2,"59":2,"60":2,"61":2,"62":2,"64":2,"65":2,"66":2,"67":2,"68":2,"69":2,"70":2,"72":2,"73":1,"74":1,"76":1,"77":1,"78":1,"79":1,"81":0,"82":0,"83":0,"84":0,"85":2,"86":2,"87":2,"88":2,"89":2,"90":2,"91":2,"92":2,"93":2,"94":2},"branchMap":{"0":{"type":"branch","line":21,"loc":{"start":{"line":21,"column":0},"end":{"line":29,"column":1}},"locations":[{"start":{"line":21,"column":0},"end":{"line":29,"column":1}}]},"1":{"type":"branch","line":22,"loc":{"start":{"line":22,"column":34},"end":{"line":24,"column":3}},"locations":[{"start":{"line":22,"column":34},"end":{"line":24,"column":3}}]},"2":{"type":"branch","line":27,"loc":{"start":{"line":27,"column":2},"end":{"line":29,"column":1}},"locations":[{"start":{"line":27,"column":2},"end":{"line":29,"column":1}}]},"3":{"type":"branch","line":31,"loc":{"start":{"line":31,"column":0},"end":{"line":95,"column":1}},"locations":[{"start":{"line":31,"column":0},"end":{"line":95,"column":1}}]},"4":{"type":"branch","line":63,"loc":{"start":{"line":63,"column":26},"end":{"line":63,"column":35}},"locations":[{"start":{"line":63,"column":26},"end":{"line":63,"column":35}}]},"5":{"type":"branch","line":73,"loc":{"start":{"line":73,"column":28},"end":{"line":80,"column":5}},"locations":[{"start":{"line":73,"column":28},"end":{"line":80,"column":5}}]},"6":{"type":"branch","line":80,"loc":{"start":{"line":80,"column":4},"end":{"line":86,"column":4}},"locations":[{"start":{"line":80,"column":4},"end":{"line":86,"column":4}}]},"7":{"type":"branch","line":90,"loc":{"start":{"line":90,"column":53},"end":{"line":90,"column":77}},"locations":[{"start":{"line":90,"column":53},"end":{"line":90,"column":77}}]},"8":{"type":"branch","line":92,"loc":{"start":{"line":92,"column":32},"end":{"line":92,"column":56}},"locations":[{"start":{"line":92,"column":32},"end":{"line":92,"column":56}}]},"9":{"type":"branch","line":93,"loc":{"start":{"line":93,"column":4},"end":{"line":93,"column":43}},"locations":[{"start":{"line":93,"column":4},"end":{"line":93,"column":43}}]},"10":{"type":"branch","line":41,"loc":{"start":{"line":41,"column":28},"end":{"line":55,"column":5}},"locations":[{"start":{"line":41,"column":28},"end":{"line":55,"column":5}}]},"11":{"type":"branch","line":52,"loc":{"start":{"line":52,"column":19},"end":{"line":52,"column":34}},"locations":[{"start":{"line":52,"column":19},"end":{"line":52,"column":34}}]},"12":{"type":"branch","line":53,"loc":{"start":{"line":53,"column":21},"end":{"line":53,"column":41}},"locations":[{"start":{"line":53,"column":21},"end":{"line":53,"column":41}}]},"13":{"type":"branch","line":77,"loc":{"start":{"line":77,"column":36},"end":{"line":77,"column":62}},"locations":[{"start":{"line":77,"column":36},"end":{"line":77,"column":62}}]}},"b":{"0":[2],"1":[0],"2":[0],"3":[2],"4":[0],"5":[1],"6":[0],"7":[0],"8":[0],"9":[0],"10":[2],"11":[2],"12":[2],"13":[2]},"fnMap":{"0":{"name":"getContentType","decl":{"start":{"line":21,"column":0},"end":{"line":29,"column":1}},"loc":{"start":{"line":21,"column":0},"end":{"line":29,"column":1}},"line":21},"1":{"name":"generateHls","decl":{"start":{"line":31,"column":0},"end":{"line":95,"column":1}},"loc":{"start":{"line":31,"column":0},"end":{"line":95,"column":1}},"line":31},"2":{"name":"files","decl":{"start":{"line":41,"column":28},"end":{"line":55,"column":5}},"loc":{"start":{"line":41,"column":28},"end":{"line":55,"column":5}},"line":41}},"f":{"0":2,"1":2,"2":2}}
,"/Users/chouyasushi/htdocs/david/from-fed-to-chain-mono/packages/pipeline/src/services/llm.ts": {"path":"/Users/chouyasushi/htdocs/david/from-fed-to-chain-mono/packages/pipeline/src/services/llm.ts","all":false,"statementMap":{"0":{"start":{"line":1,"column":0},"end":{"line":1,"column":28}},"1":{"start":{"line":2,"column":0},"end":{"line":2,"column":39}},"2":{"start":{"line":3,"column":0},"end":{"line":3,"column":41}},"3":{"start":{"line":4,"column":0},"end":{"line":4,"column":63}},"12":{"start":{"line":13,"column":0},"end":{"line":13,"column":82}},"13":{"start":{"line":14,"column":0},"end":{"line":14,"column":52}},"14":{"start":{"line":15,"column":0},"end":{"line":15,"column":83}},"16":{"start":{"line":17,"column":0},"end":{"line":17,"column":38}},"17":{"start":{"line":18,"column":0},"end":{"line":18,"column":49}},"18":{"start":{"line":19,"column":0},"end":{"line":19,"column":43}},"19":{"start":{"line":20,"column":0},"end":{"line":20,"column":72}},"20":{"start":{"line":21,"column":0},"end":{"line":21,"column":1}},"22":{"start":{"line":23,"column":0},"end":{"line":23,"column":45}},"23":{"start":{"line":24,"column":0},"end":{"line":24,"column":36}},"24":{"start":{"line":25,"column":0},"end":{"line":25,"column":61}},"25":{"start":{"line":26,"column":0},"end":{"line":26,"column":41}},"26":{"start":{"line":27,"column":0},"end":{"line":27,"column":7}},"27":{"start":{"line":28,"column":0},"end":{"line":28,"column":58}},"28":{"start":{"line":29,"column":0},"end":{"line":29,"column":30}},"29":{"start":{"line":30,"column":0},"end":{"line":30,"column":17}},"30":{"start":{"line":31,"column":0},"end":{"line":31,"column":20}},"31":{"start":{"line":32,"column":0},"end":{"line":32,"column":179}},"32":{"start":{"line":33,"column":0},"end":{"line":33,"column":6}},"33":{"start":{"line":34,"column":0},"end":{"line":34,"column":3}},"34":{"start":{"line":35,"column":0},"end":{"line":35,"column":1}},"36":{"start":{"line":37,"column":0},"end":{"line":37,"column":71}},"37":{"start":{"line":38,"column":0},"end":{"line":38,"column":39}},"38":{"start":{"line":39,"column":0},"end":{"line":39,"column":1}},"40":{"start":{"line":41,"column":0},"end":{"line":41,"column":97}},"41":{"start":{"line":42,"column":0},"end":{"line":42,"column":48}},"42":{"start":{"line":43,"column":0},"end":{"line":43,"column":16}},"43":{"start":{"line":44,"column":0},"end":{"line":44,"column":50}},"44":{"start":{"line":45,"column":0},"end":{"line":45,"column":3}},"46":{"start":{"line":47,"column":0},"end":{"line":47,"column":84}},"47":{"start":{"line":48,"column":0},"end":{"line":48,"column":80}},"48":{"start":{"line":49,"column":0},"end":{"line":49,"column":63}},"50":{"start":{"line":51,"column":0},"end":{"line":51,"column":29}},"51":{"start":{"line":52,"column":0},"end":{"line":52,"column":11}},"52":{"start":{"line":53,"column":0},"end":{"line":53,"column":12}},"53":{"start":{"line":54,"column":0},"end":{"line":54,"column":5}},"55":{"start":{"line":56,"column":0},"end":{"line":56,"column":35}},"56":{"start":{"line":57,"column":0},"end":{"line":57,"column":45}},"64":{"start":{"line":65,"column":0},"end":{"line":65,"column":36}},"65":{"start":{"line":66,"column":0},"end":{"line":66,"column":10}},"66":{"start":{"line":67,"column":0},"end":{"line":67,"column":15}},"67":{"start":{"line":68,"column":0},"end":{"line":68,"column":42}},"68":{"start":{"line":69,"column":0},"end":{"line":69,"column":38}},"69":{"start":{"line":70,"column":0},"end":{"line":70,"column":6}},"70":{"start":{"line":71,"column":0},"end":{"line":71,"column":21}},"71":{"start":{"line":72,"column":0},"end":{"line":72,"column":26}},"72":{"start":{"line":73,"column":0},"end":{"line":73,"column":76}},"73":{"start":{"line":74,"column":0},"end":{"line":74,"column":7}},"74":{"start":{"line":75,"column":0},"end":{"line":75,"column":4}},"76":{"start":{"line":77,"column":0},"end":{"line":77,"column":101}},"80":{"start":{"line":81,"column":0},"end":{"line":81,"column":63}},"81":{"start":{"line":82,"column":0},"end":{"line":82,"column":52}},"82":{"start":{"line":83,"column":0},"end":{"line":83,"column":48}},"84":{"start":{"line":85,"column":0},"end":{"line":85,"column":65}},"85":{"start":{"line":86,"column":0},"end":{"line":86,"column":1}}},"s":{"0":1,"1":1,"2":1,"3":1,"12":1,"13":1,"14":1,"16":1,"17":1,"18":1,"19":1,"20":1,"22":1,"23":5,"24":5,"25":1,"26":1,"27":1,"28":1,"29":5,"30":0,"31":0,"32":0,"33":0,"34":5,"36":1,"37":8,"38":8,"40":6,"41":6,"42":6,"43":1,"44":1,"46":6,"47":6,"48":6,"50":6,"51":6,"52":6,"53":6,"55":6,"56":6,"64":6,"65":6,"66":6,"67":6,"68":6,"69":6,"70":6,"71":6,"72":1,"73":1,"74":6,"76":6,"80":6,"81":6,"82":6,"84":6,"85":6},"branchMap":{"0":{"type":"branch","line":17,"loc":{"start":{"line":17,"column":0},"end":{"line":21,"column":1}},"locations":[{"start":{"line":17,"column":0},"end":{"line":21,"column":1}}]},"1":{"type":"branch","line":19,"loc":{"start":{"line":19,"column":23},"end":{"line":20,"column":41}},"locations":[{"start":{"line":19,"column":23},"end":{"line":20,"column":41}}]},"2":{"type":"branch","line":20,"loc":{"start":{"line":20,"column":31},"end":{"line":20,"column":72}},"locations":[{"start":{"line":20,"column":31},"end":{"line":20,"column":72}}]},"3":{"type":"branch","line":24,"loc":{"start":{"line":24,"column":0},"end":{"line":35,"column":1}},"locations":[{"start":{"line":24,"column":0},"end":{"line":35,"column":1}}]},"4":{"type":"branch","line":25,"loc":{"start":{"line":25,"column":35},"end":{"line":25,"column":61}},"locations":[{"start":{"line":25,"column":35},"end":{"line":25,"column":61}}]},"5":{"type":"branch","line":25,"loc":{"start":{"line":25,"column":42},"end":{"line":30,"column":11}},"locations":[{"start":{"line":25,"column":42},"end":{"line":30,"column":11}}]},"6":{"type":"branch","line":30,"loc":{"start":{"line":30,"column":2},"end":{"line":34,"column":3}},"locations":[{"start":{"line":30,"column":2},"end":{"line":34,"column":3}}]},"7":{"type":"branch","line":37,"loc":{"start":{"line":37,"column":7},"end":{"line":39,"column":1}},"locations":[{"start":{"line":37,"column":7},"end":{"line":39,"column":1}}]},"8":{"type":"branch","line":41,"loc":{"start":{"line":41,"column":0},"end":{"line":86,"column":1}},"locations":[{"start":{"line":41,"column":0},"end":{"line":86,"column":1}}]},"9":{"type":"branch","line":43,"loc":{"start":{"line":43,"column":15},"end":{"line":45,"column":3}},"locations":[{"start":{"line":43,"column":15},"end":{"line":45,"column":3}}]},"10":{"type":"branch","line":45,"loc":{"start":{"line":45,"column":2},"end":{"line":47,"column":53}},"locations":[{"start":{"line":45,"column":2},"end":{"line":47,"column":53}}]},"11":{"type":"branch","line":47,"loc":{"start":{"line":47,"column":30},"end":{"line":47,"column":84}},"locations":[{"start":{"line":47,"column":30},"end":{"line":47,"column":84}}]},"12":{"type":"branch","line":48,"loc":{"start":{"line":48,"column":28},"end":{"line":48,"column":80}},"locations":[{"start":{"line":48,"column":28},"end":{"line":48,"column":80}}]},"13":{"type":"branch","line":49,"loc":{"start":{"line":49,"column":36},"end":{"line":49,"column":63}},"locations":[{"start":{"line":49,"column":36},"end":{"line":49,"column":63}}]},"14":{"type":"branch","line":72,"loc":{"start":{"line":72,"column":8},"end":{"line":74,"column":7}},"locations":[{"start":{"line":72,"column":8},"end":{"line":74,"column":7}}]},"15":{"type":"branch","line":77,"loc":{"start":{"line":77,"column":65},"end":{"line":81,"column":60}},"locations":[{"start":{"line":77,"column":65},"end":{"line":81,"column":60}}]},"16":{"type":"branch","line":81,"loc":{"start":{"line":81,"column":49},"end":{"line":81,"column":63}},"locations":[{"start":{"line":81,"column":49},"end":{"line":81,"column":63}}]},"17":{"type":"branch","line":82,"loc":{"start":{"line":82,"column":30},"end":{"line":82,"column":52}},"locations":[{"start":{"line":82,"column":30},"end":{"line":82,"column":52}}]},"18":{"type":"branch","line":83,"loc":{"start":{"line":83,"column":33},"end":{"line":83,"column":48}},"locations":[{"start":{"line":83,"column":33},"end":{"line":83,"column":48}}]}},"b":{"0":[1],"1":[0],"2":[0],"3":[5],"4":[4],"5":[1],"6":[0],"7":[8],"8":[6],"9":[1],"10":[5],"11":[0],"12":[0],"13":[4],"14":[1],"15":[5],"16":[1],"17":[1],"18":[1]},"fnMap":{"0":{"name":"resolvePromptPath","decl":{"start":{"line":17,"column":0},"end":{"line":21,"column":1}},"loc":{"start":{"line":17,"column":0},"end":{"line":21,"column":1}},"line":17},"1":{"name":"getSystemPrompt","decl":{"start":{"line":24,"column":0},"end":{"line":35,"column":1}},"loc":{"start":{"line":24,"column":0},"end":{"line":35,"column":1}},"line":24},"2":{"name":"buildUserMessage","decl":{"start":{"line":37,"column":7},"end":{"line":39,"column":1}},"loc":{"start":{"line":37,"column":7},"end":{"line":39,"column":1}},"line":37},"3":{"name":"generateScriptWithLLM","decl":{"start":{"line":41,"column":0},"end":{"line":86,"column":1}},"loc":{"start":{"line":41,"column":0},"end":{"line":86,"column":1}},"line":41}},"f":{"0":1,"1":5,"2":8,"3":6}}
,"/Users/chouyasushi/htdocs/david/from-fed-to-chain-mono/packages/pipeline/src/services/scrape.ts": {"path":"/Users/chouyasushi/htdocs/david/from-fed-to-chain-mono/packages/pipeline/src/services/scrape.ts","all":false,"statementMap":{"0":{"start":{"line":1,"column":0},"end":{"line":1,"column":51}},"1":{"start":{"line":2,"column":0},"end":{"line":2,"column":30}},"4":{"start":{"line":5,"column":0},"end":{"line":5,"column":68}},"5":{"start":{"line":6,"column":0},"end":{"line":6,"column":37}},"6":{"start":{"line":7,"column":0},"end":{"line":7,"column":14}},"7":{"start":{"line":8,"column":0},"end":{"line":8,"column":80}},"8":{"start":{"line":9,"column":0},"end":{"line":9,"column":19}},"9":{"start":{"line":10,"column":0},"end":{"line":10,"column":75}},"10":{"start":{"line":11,"column":0},"end":{"line":11,"column":6}},"11":{"start":{"line":12,"column":0},"end":{"line":12,"column":5}},"13":{"start":{"line":14,"column":0},"end":{"line":14,"column":21}},"14":{"start":{"line":15,"column":0},"end":{"line":15,"column":90}},"15":{"start":{"line":16,"column":0},"end":{"line":16,"column":3}},"17":{"start":{"line":18,"column":0},"end":{"line":18,"column":37}},"18":{"start":{"line":19,"column":0},"end":{"line":19,"column":39}},"20":{"start":{"line":21,"column":0},"end":{"line":21,"column":7}},"21":{"start":{"line":22,"column":0},"end":{"line":22,"column":65}},"22":{"start":{"line":23,"column":0},"end":{"line":23,"column":92}},"23":{"start":{"line":24,"column":0},"end":{"line":24,"column":73}},"25":{"start":{"line":26,"column":0},"end":{"line":26,"column":16}},"26":{"start":{"line":27,"column":0},"end":{"line":27,"column":56}},"27":{"start":{"line":28,"column":0},"end":{"line":28,"column":5}},"29":{"start":{"line":30,"column":0},"end":{"line":30,"column":27}},"30":{"start":{"line":31,"column":0},"end":{"line":31,"column":13}},"31":{"start":{"line":32,"column":0},"end":{"line":32,"column":23}},"32":{"start":{"line":33,"column":0},"end":{"line":33,"column":3}},"33":{"start":{"line":34,"column":0},"end":{"line":34,"column":1}}},"s":{"0":1,"1":1,"4":5,"5":5,"6":5,"7":5,"8":5,"9":5,"10":5,"11":5,"13":5,"14":1,"15":1,"17":4,"18":4,"20":4,"21":4,"22":5,"23":5,"25":5,"26":1,"27":1,"29":3,"30":5,"31":4,"32":4,"33":5},"branchMap":{"0":{"type":"branch","line":5,"loc":{"start":{"line":5,"column":0},"end":{"line":34,"column":1}},"locations":[{"start":{"line":5,"column":0},"end":{"line":34,"column":1}}]},"1":{"type":"branch","line":14,"loc":{"start":{"line":14,"column":20},"end":{"line":16,"column":3}},"locations":[{"start":{"line":14,"column":20},"end":{"line":16,"column":3}}]},"2":{"type":"branch","line":16,"loc":{"start":{"line":16,"column":2},"end":{"line":23,"column":27}},"locations":[{"start":{"line":16,"column":2},"end":{"line":23,"column":27}}]},"3":{"type":"branch","line":23,"loc":{"start":{"line":23,"column":18},"end":{"line":23,"column":39}},"locations":[{"start":{"line":23,"column":18},"end":{"line":23,"column":39}}]},"4":{"type":"branch","line":23,"loc":{"start":{"line":23,"column":39},"end":{"line":23,"column":81}},"locations":[{"start":{"line":23,"column":39},"end":{"line":23,"column":81}}]},"5":{"type":"branch","line":23,"loc":{"start":{"line":23,"column":76},"end":{"line":23,"column":92}},"locations":[{"start":{"line":23,"column":76},"end":{"line":23,"column":92}}]},"6":{"type":"branch","line":24,"loc":{"start":{"line":24,"column":17},"end":{"line":24,"column":47}},"locations":[{"start":{"line":24,"column":17},"end":{"line":24,"column":47}}]},"7":{"type":"branch","line":24,"loc":{"start":{"line":24,"column":65},"end":{"line":24,"column":73}},"locations":[{"start":{"line":24,"column":65},"end":{"line":24,"column":73}}]},"8":{"type":"branch","line":26,"loc":{"start":{"line":26,"column":15},"end":{"line":28,"column":5}},"locations":[{"start":{"line":26,"column":15},"end":{"line":28,"column":5}}]},"9":{"type":"branch","line":28,"loc":{"start":{"line":28,"column":4},"end":{"line":31,"column":4}},"locations":[{"start":{"line":28,"column":4},"end":{"line":31,"column":4}}]},"10":{"type":"branch","line":31,"loc":{"start":{"line":31,"column":2},"end":{"line":33,"column":3}},"locations":[{"start":{"line":31,"column":2},"end":{"line":33,"column":3}}]}},"b":{"0":[5],"1":[1],"2":[4],"3":[3],"4":[2],"5":[1],"6":[3],"7":[1],"8":[1],"9":[3],"10":[4]},"fnMap":{"0":{"name":"scrapeArticle","decl":{"start":{"line":5,"column":0},"end":{"line":34,"column":1}},"loc":{"start":{"line":5,"column":0},"end":{"line":34,"column":1}},"line":5}},"f":{"0":5}}
,"/Users/chouyasushi/htdocs/david/from-fed-to-chain-mono/packages/pipeline/src/services/storage.ts": {"path":"/Users/chouyasushi/htdocs/david/from-fed-to-chain-mono/packages/pipeline/src/services/storage.ts","all":false,"statementMap":{"0":{"start":{"line":1,"column":0},"end":{"line":1,"column":64}},"1":{"start":{"line":2,"column":0},"end":{"line":2,"column":66}},"4":{"start":{"line":5,"column":0},"end":{"line":5,"column":35}},"5":{"start":{"line":6,"column":0},"end":{"line":6,"column":33}},"6":{"start":{"line":7,"column":0},"end":{"line":7,"column":37}},"8":{"start":{"line":9,"column":0},"end":{"line":9,"column":34}},"9":{"start":{"line":10,"column":0},"end":{"line":10,"column":27}},"10":{"start":{"line":11,"column":0},"end":{"line":11,"column":19}},"11":{"start":{"line":12,"column":0},"end":{"line":12,"column":44}},"12":{"start":{"line":13,"column":0},"end":{"line":13,"column":18}},"13":{"start":{"line":14,"column":0},"end":{"line":14,"column":54}},"14":{"start":{"line":15,"column":0},"end":{"line":15,"column":62}},"15":{"start":{"line":16,"column":0},"end":{"line":16,"column":6}},"16":{"start":{"line":17,"column":0},"end":{"line":17,"column":25}},"17":{"start":{"line":18,"column":0},"end":{"line":18,"column":5}},"19":{"start":{"line":20,"column":0},"end":{"line":20,"column":16}},"20":{"start":{"line":21,"column":0},"end":{"line":21,"column":1}},"22":{"start":{"line":23,"column":0},"end":{"line":23,"column":30}},"23":{"start":{"line":24,"column":0},"end":{"line":24,"column":46}},"24":{"start":{"line":25,"column":0},"end":{"line":25,"column":16}},"25":{"start":{"line":26,"column":0},"end":{"line":26,"column":1}},"27":{"start":{"line":28,"column":0},"end":{"line":28,"column":34}},"28":{"start":{"line":29,"column":0},"end":{"line":29,"column":73}},"29":{"start":{"line":30,"column":0},"end":{"line":30,"column":20}},"30":{"start":{"line":31,"column":0},"end":{"line":31,"column":1}},"32":{"start":{"line":33,"column":0},"end":{"line":33,"column":91}},"33":{"start":{"line":34,"column":0},"end":{"line":34,"column":41}},"34":{"start":{"line":35,"column":0},"end":{"line":35,"column":27}},"35":{"start":{"line":36,"column":0},"end":{"line":36,"column":29}},"37":{"start":{"line":38,"column":0},"end":{"line":38,"column":20}},"38":{"start":{"line":39,"column":0},"end":{"line":39,"column":46}},"39":{"start":{"line":40,"column":0},"end":{"line":40,"column":14}},"40":{"start":{"line":41,"column":0},"end":{"line":41,"column":30}},"41":{"start":{"line":42,"column":0},"end":{"line":42,"column":17}},"42":{"start":{"line":43,"column":0},"end":{"line":43,"column":35}},"43":{"start":{"line":44,"column":0},"end":{"line":44,"column":21}},"44":{"start":{"line":45,"column":0},"end":{"line":45,"column":35}},"45":{"start":{"line":46,"column":0},"end":{"line":46,"column":11}},"46":{"start":{"line":47,"column":0},"end":{"line":47,"column":8}},"47":{"start":{"line":48,"column":0},"end":{"line":48,"column":6}},"48":{"start":{"line":49,"column":0},"end":{"line":49,"column":4}},"50":{"start":{"line":51,"column":0},"end":{"line":51,"column":54}},"51":{"start":{"line":52,"column":0},"end":{"line":52,"column":1}}},"s":{"0":1,"1":1,"4":1,"5":1,"6":1,"8":1,"9":1,"10":1,"11":1,"12":1,"13":1,"14":1,"15":1,"16":1,"17":1,"19":1,"20":1,"22":1,"23":1,"24":1,"25":1,"27":1,"28":1,"29":1,"30":1,"32":1,"33":1,"34":1,"35":1,"37":1,"38":1,"39":1,"40":1,"41":1,"42":1,"43":1,"44":1,"45":1,"46":1,"47":1,"48":1,"50":1,"51":1},"branchMap":{"0":{"type":"branch","line":9,"loc":{"start":{"line":9,"column":0},"end":{"line":21,"column":1}},"locations":[{"start":{"line":9,"column":0},"end":{"line":21,"column":1}}]},"1":{"type":"branch","line":23,"loc":{"start":{"line":23,"column":0},"end":{"line":26,"column":1}},"locations":[{"start":{"line":23,"column":0},"end":{"line":26,"column":1}}]},"2":{"type":"branch","line":28,"loc":{"start":{"line":28,"column":0},"end":{"line":31,"column":1}},"locations":[{"start":{"line":28,"column":0},"end":{"line":31,"column":1}}]},"3":{"type":"branch","line":33,"loc":{"start":{"line":33,"column":0},"end":{"line":52,"column":1}},"locations":[{"start":{"line":33,"column":0},"end":{"line":52,"column":1}}]},"4":{"type":"branch","line":39,"loc":{"start":{"line":39,"column":14},"end":{"line":47,"column":8}},"locations":[{"start":{"line":39,"column":14},"end":{"line":47,"column":8}}]}},"b":{"0":[1],"1":[1],"2":[1],"3":[1],"4":[1]},"fnMap":{"0":{"name":"getR2Client","decl":{"start":{"line":9,"column":0},"end":{"line":21,"column":1}},"loc":{"start":{"line":9,"column":0},"end":{"line":21,"column":1}},"line":9},"1":{"name":"getBucket","decl":{"start":{"line":23,"column":0},"end":{"line":26,"column":1}},"loc":{"start":{"line":23,"column":0},"end":{"line":26,"column":1}},"line":23},"2":{"name":"getPublicBase","decl":{"start":{"line":28,"column":0},"end":{"line":31,"column":1}},"loc":{"start":{"line":28,"column":0},"end":{"line":31,"column":1}},"line":28},"3":{"name":"uploadHlsToR2","decl":{"start":{"line":33,"column":0},"end":{"line":52,"column":1}},"loc":{"start":{"line":33,"column":0},"end":{"line":52,"column":1}},"line":33}},"f":{"0":1,"1":1,"2":1,"3":1}}
,"/Users/chouyasushi/htdocs/david/from-fed-to-chain-mono/packages/pipeline/src/services/tts.ts": {"path":"/Users/chouyasushi/htdocs/david/from-fed-to-chain-mono/packages/pipeline/src/services/tts.ts","all":false,"statementMap":{"0":{"start":{"line":1,"column":0},"end":{"line":1,"column":66}},"1":{"start":{"line":2,"column":0},"end":{"line":2,"column":35}},"2":{"start":{"line":3,"column":0},"end":{"line":3,"column":62}},"3":{"start":{"line":4,"column":0},"end":{"line":4,"column":36}},"4":{"start":{"line":5,"column":0},"end":{"line":5,"column":47}},"5":{"start":{"line":6,"column":0},"end":{"line":6,"column":28}},"7":{"start":{"line":8,"column":0},"end":{"line":8,"column":33}},"9":{"start":{"line":10,"column":0},"end":{"line":10,"column":45}},"11":{"start":{"line":12,"column":0},"end":{"line":12,"column":42}},"12":{"start":{"line":13,"column":0},"end":{"line":13,"column":38}},"13":{"start":{"line":14,"column":0},"end":{"line":14,"column":16}},"14":{"start":{"line":15,"column":0},"end":{"line":15,"column":1}},"16":{"start":{"line":17,"column":0},"end":{"line":17,"column":23}},"18":{"start":{"line":19,"column":0},"end":{"line":19,"column":79}},"19":{"start":{"line":20,"column":0},"end":{"line":20,"column":30}},"20":{"start":{"line":21,"column":0},"end":{"line":21,"column":45}},"21":{"start":{"line":22,"column":0},"end":{"line":22,"column":24}},"23":{"start":{"line":24,"column":0},"end":{"line":24,"column":37}},"24":{"start":{"line":25,"column":0},"end":{"line":25,"column":46}},"25":{"start":{"line":26,"column":0},"end":{"line":26,"column":59}},"26":{"start":{"line":27,"column":0},"end":{"line":27,"column":31}},"27":{"start":{"line":28,"column":0},"end":{"line":28,"column":12}},"28":{"start":{"line":29,"column":0},"end":{"line":29,"column":25}},"29":{"start":{"line":30,"column":0},"end":{"line":30,"column":41}},"30":{"start":{"line":31,"column":0},"end":{"line":31,"column":7}},"31":{"start":{"line":32,"column":0},"end":{"line":32,"column":59}},"32":{"start":{"line":33,"column":0},"end":{"line":33,"column":23}},"33":{"start":{"line":34,"column":0},"end":{"line":34,"column":38}},"34":{"start":{"line":35,"column":0},"end":{"line":35,"column":40}},"35":{"start":{"line":36,"column":0},"end":{"line":36,"column":63}},"36":{"start":{"line":37,"column":0},"end":{"line":37,"column":38}},"37":{"start":{"line":38,"column":0},"end":{"line":38,"column":25}},"38":{"start":{"line":39,"column":0},"end":{"line":39,"column":18}},"39":{"start":{"line":40,"column":0},"end":{"line":40,"column":29}},"40":{"start":{"line":41,"column":0},"end":{"line":41,"column":11}},"41":{"start":{"line":42,"column":0},"end":{"line":42,"column":9}},"42":{"start":{"line":43,"column":0},"end":{"line":43,"column":29}},"43":{"start":{"line":44,"column":0},"end":{"line":44,"column":14}},"44":{"start":{"line":45,"column":0},"end":{"line":45,"column":32}},"45":{"start":{"line":46,"column":0},"end":{"line":46,"column":7}},"46":{"start":{"line":47,"column":0},"end":{"line":47,"column":5}},"47":{"start":{"line":48,"column":0},"end":{"line":48,"column":3}},"49":{"start":{"line":50,"column":0},"end":{"line":50,"column":28}},"50":{"start":{"line":51,"column":0},"end":{"line":51,"column":37}},"51":{"start":{"line":52,"column":0},"end":{"line":52,"column":3}},"53":{"start":{"line":54,"column":0},"end":{"line":54,"column":16}},"54":{"start":{"line":55,"column":0},"end":{"line":55,"column":1}},"56":{"start":{"line":57,"column":0},"end":{"line":57,"column":70}},"57":{"start":{"line":58,"column":0},"end":{"line":58,"column":72}},"58":{"start":{"line":59,"column":0},"end":{"line":59,"column":71}},"60":{"start":{"line":61,"column":0},"end":{"line":61,"column":57}},"61":{"start":{"line":62,"column":0},"end":{"line":62,"column":20}},"62":{"start":{"line":63,"column":0},"end":{"line":63,"column":34}},"63":{"start":{"line":64,"column":0},"end":{"line":64,"column":42}},"64":{"start":{"line":65,"column":0},"end":{"line":65,"column":5}},"66":{"start":{"line":67,"column":0},"end":{"line":67,"column":31}},"67":{"start":{"line":68,"column":0},"end":{"line":68,"column":63}},"68":{"start":{"line":69,"column":0},"end":{"line":69,"column":3}},"70":{"start":{"line":71,"column":0},"end":{"line":71,"column":58}},"71":{"start":{"line":72,"column":0},"end":{"line":72,"column":1}},"73":{"start":{"line":74,"column":0},"end":{"line":74,"column":81}},"74":{"start":{"line":75,"column":0},"end":{"line":75,"column":28}},"75":{"start":{"line":76,"column":0},"end":{"line":76,"column":21}},"76":{"start":{"line":77,"column":0},"end":{"line":77,"column":3}},"78":{"start":{"line":79,"column":0},"end":{"line":79,"column":27}},"79":{"start":{"line":80,"column":0},"end":{"line":80,"column":34}},"80":{"start":{"line":81,"column":0},"end":{"line":81,"column":58}},"82":{"start":{"line":83,"column":0},"end":{"line":83,"column":7}},"83":{"start":{"line":84,"column":0},"end":{"line":84,"column":45}},"84":{"start":{"line":85,"column":0},"end":{"line":85,"column":63}},"85":{"start":{"line":86,"column":0},"end":{"line":86,"column":42}},"86":{"start":{"line":87,"column":0},"end":{"line":87,"column":33}},"87":{"start":{"line":88,"column":0},"end":{"line":88,"column":5}},"89":{"start":{"line":90,"column":0},"end":{"line":90,"column":50}},"90":{"start":{"line":91,"column":0},"end":{"line":91,"column":29}},"91":{"start":{"line":92,"column":0},"end":{"line":92,"column":64}},"92":{"start":{"line":93,"column":0},"end":{"line":93,"column":70}},"93":{"start":{"line":94,"column":0},"end":{"line":94,"column":13}},"94":{"start":{"line":95,"column":0},"end":{"line":95,"column":34}},"95":{"start":{"line":96,"column":0},"end":{"line":96,"column":35}},"96":{"start":{"line":97,"column":0},"end":{"line":97,"column":49}},"97":{"start":{"line":98,"column":0},"end":{"line":98,"column":26}},"98":{"start":{"line":99,"column":0},"end":{"line":99,"column":7}},"100":{"start":{"line":101,"column":0},"end":{"line":101,"column":48}},"101":{"start":{"line":102,"column":0},"end":{"line":102,"column":44}},"102":{"start":{"line":103,"column":0},"end":{"line":103,"column":18}},"103":{"start":{"line":104,"column":0},"end":{"line":104,"column":13}},"104":{"start":{"line":105,"column":0},"end":{"line":105,"column":36}},"105":{"start":{"line":106,"column":0},"end":{"line":106,"column":54}},"106":{"start":{"line":107,"column":0},"end":{"line":107,"column":5}},"107":{"start":{"line":108,"column":0},"end":{"line":108,"column":58}},"108":{"start":{"line":109,"column":0},"end":{"line":109,"column":3}},"109":{"start":{"line":110,"column":0},"end":{"line":110,"column":1}},"111":{"start":{"line":112,"column":0},"end":{"line":112,"column":67}},"112":{"start":{"line":113,"column":0},"end":{"line":113,"column":54}},"114":{"start":{"line":115,"column":0},"end":{"line":115,"column":28}},"115":{"start":{"line":116,"column":0},"end":{"line":116,"column":45}},"116":{"start":{"line":117,"column":0},"end":{"line":117,"column":3}},"118":{"start":{"line":119,"column":0},"end":{"line":119,"column":28}},"119":{"start":{"line":120,"column":0},"end":{"line":120,"column":38}},"120":{"start":{"line":121,"column":0},"end":{"line":121,"column":3}},"122":{"start":{"line":123,"column":0},"end":{"line":123,"column":86}},"123":{"start":{"line":124,"column":0},"end":{"line":124,"column":46}},"124":{"start":{"line":125,"column":0},"end":{"line":125,"column":1}}},"s":{"0":1,"1":1,"2":1,"3":1,"4":1,"5":1,"7":1,"9":1,"11":7,"12":7,"13":7,"14":7,"16":1,"18":1,"19":13,"20":13,"21":13,"23":13,"24":221,"25":221,"26":220,"27":221,"28":1,"29":1,"30":1,"31":1,"32":0,"33":0,"34":0,"35":0,"36":0,"37":0,"38":0,"39":0,"40":0,"41":0,"42":0,"43":1,"44":1,"45":1,"46":1,"47":221,"49":13,"50":10,"51":10,"53":13,"54":13,"56":7,"57":7,"58":7,"60":7,"61":7,"62":7,"63":7,"64":7,"66":7,"67":1,"68":1,"70":6,"71":6,"73":1,"74":1,"75":1,"76":1,"78":0,"79":0,"80":0,"82":0,"83":0,"84":0,"85":0,"86":0,"87":0,"89":0,"90":0,"91":0,"92":0,"93":0,"94":0,"95":0,"96":0,"97":0,"98":0,"100":0,"101":0,"102":0,"103":0,"104":0,"105":0,"106":0,"107":0,"108":0,"109":1,"111":8,"112":8,"114":8,"115":2,"116":2,"118":6,"119":6,"120":6,"122":0,"123":0,"124":0},"branchMap":{"0":{"type":"branch","line":12,"loc":{"start":{"line":12,"column":0},"end":{"line":15,"column":1}},"locations":[{"start":{"line":12,"column":0},"end":{"line":15,"column":1}}]},"1":{"type":"branch","line":19,"loc":{"start":{"line":19,"column":7},"end":{"line":55,"column":1}},"locations":[{"start":{"line":19,"column":7},"end":{"line":55,"column":1}}]},"2":{"type":"branch","line":24,"loc":{"start":{"line":24,"column":36},"end":{"line":48,"column":3}},"locations":[{"start":{"line":24,"column":36},"end":{"line":48,"column":3}}]},"3":{"type":"branch","line":26,"loc":{"start":{"line":26,"column":58},"end":{"line":28,"column":11}},"locations":[{"start":{"line":26,"column":58},"end":{"line":28,"column":11}}]},"4":{"type":"branch","line":28,"loc":{"start":{"line":28,"column":4},"end":{"line":47,"column":5}},"locations":[{"start":{"line":28,"column":4},"end":{"line":47,"column":5}}]},"5":{"type":"branch","line":32,"loc":{"start":{"line":32,"column":58},"end":{"line":44,"column":13}},"locations":[{"start":{"line":32,"column":58},"end":{"line":44,"column":13}}]},"6":{"type":"branch","line":50,"loc":{"start":{"line":50,"column":27},"end":{"line":52,"column":3}},"locations":[{"start":{"line":50,"column":27},"end":{"line":52,"column":3}}]},"7":{"type":"branch","line":57,"loc":{"start":{"line":57,"column":0},"end":{"line":72,"column":1}},"locations":[{"start":{"line":57,"column":0},"end":{"line":72,"column":1}}]},"8":{"type":"branch","line":58,"loc":{"start":{"line":58,"column":35},"end":{"line":58,"column":72}},"locations":[{"start":{"line":58,"column":35},"end":{"line":58,"column":72}}]},"9":{"type":"branch","line":59,"loc":{"start":{"line":59,"column":27},"end":{"line":59,"column":71}},"locations":[{"start":{"line":59,"column":27},"end":{"line":59,"column":71}}]},"10":{"type":"branch","line":67,"loc":{"start":{"line":67,"column":30},"end":{"line":69,"column":3}},"locations":[{"start":{"line":67,"column":30},"end":{"line":69,"column":3}}]},"11":{"type":"branch","line":69,"loc":{"start":{"line":69,"column":2},"end":{"line":72,"column":1}},"locations":[{"start":{"line":69,"column":2},"end":{"line":72,"column":1}}]},"12":{"type":"branch","line":74,"loc":{"start":{"line":74,"column":0},"end":{"line":110,"column":1}},"locations":[{"start":{"line":74,"column":0},"end":{"line":110,"column":1}}]},"13":{"type":"branch","line":77,"loc":{"start":{"line":77,"column":2},"end":{"line":109,"column":3}},"locations":[{"start":{"line":77,"column":2},"end":{"line":109,"column":3}}]},"14":{"type":"branch","line":112,"loc":{"start":{"line":112,"column":0},"end":{"line":125,"column":1}},"locations":[{"start":{"line":112,"column":0},"end":{"line":125,"column":1}}]},"15":{"type":"branch","line":115,"loc":{"start":{"line":115,"column":27},"end":{"line":117,"column":3}},"locations":[{"start":{"line":115,"column":27},"end":{"line":117,"column":3}}]},"16":{"type":"branch","line":117,"loc":{"start":{"line":117,"column":2},"end":{"line":121,"column":3}},"locations":[{"start":{"line":117,"column":2},"end":{"line":121,"column":3}}]},"17":{"type":"branch","line":121,"loc":{"start":{"line":121,"column":2},"end":{"line":125,"column":1}},"locations":[{"start":{"line":121,"column":2},"end":{"line":125,"column":1}}]}},"b":{"0":[7],"1":[13],"2":[221],"3":[220],"4":[1],"5":[0],"6":[10],"7":[7],"8":[6],"9":[6],"10":[1],"11":[6],"12":[1],"13":[0],"14":[8],"15":[2],"16":[6],"17":[0]},"fnMap":{"0":{"name":"getClient","decl":{"start":{"line":12,"column":0},"end":{"line":15,"column":1}},"loc":{"start":{"line":12,"column":0},"end":{"line":15,"column":1}},"line":12},"1":{"name":"splitTextIntoChunks","decl":{"start":{"line":19,"column":7},"end":{"line":55,"column":1}},"loc":{"start":{"line":19,"column":7},"end":{"line":55,"column":1}},"line":19},"2":{"name":"synthesizeChunk","decl":{"start":{"line":57,"column":0},"end":{"line":72,"column":1}},"loc":{"start":{"line":57,"column":0},"end":{"line":72,"column":1}},"line":57},"3":{"name":"concatenateAudioChunks","decl":{"start":{"line":74,"column":0},"end":{"line":110,"column":1}},"loc":{"start":{"line":74,"column":0},"end":{"line":110,"column":1}},"line":74},"4":{"name":"readFileSync.readFileSync","decl":{"start":{"line":90,"column":28},"end":{"line":99,"column":5}},"loc":{"start":{"line":90,"column":28},"end":{"line":99,"column":5}},"line":90},"5":{"name":"textToSpeech","decl":{"start":{"line":112,"column":0},"end":{"line":125,"column":1}},"loc":{"start":{"line":112,"column":0},"end":{"line":125,"column":1}},"line":112}},"f":{"0":7,"1":13,"2":7,"3":1,"4":0,"5":8}}
}
